<?xml version="1.0" encoding="UTF-8"?>
<testng-results skipped="2" failed="0" ignored="0" total="2" passed="0">
  <reporter-output>
  </reporter-output>
  <suite name="Default suite" duration-ms="11834" started-at="2019-09-07T23:38:22Z" finished-at="2019-09-07T23:38:34Z">
    <groups>
    </groups>
    <test name="Default test" duration-ms="11834" started-at="2019-09-07T23:38:22Z" finished-at="2019-09-07T23:38:34Z">
      <class name="automatizacion.greenpower.test.LoginTests">
        <test-method status="FAIL" signature="classLevelSetup()[pri:0, instance:automatizacion.greenpower.test.LoginTests@59fa1d9b]" name="classLevelSetup" is-config="true" duration-ms="11633" started-at="2019-09-07T23:38:22Z" finished-at="2019-09-07T23:38:33Z">
          <exception class="org.openqa.selenium.SessionNotCreatedException">
            <message>
              <![CDATA[session not created: This version of ChromeDriver only supports Chrome version 77
Build info: version: '3.141.59', revision: 'e82be7d358', time: '2018-11-14T08:17:03'
System info: host: 'MIRIAN-PC', ip: '192.168.1.43', os.name: 'Windows 10', os.arch: 'amd64', os.version: '10.0', java.version: '1.8.0_191'
Driver info: driver.version: ChromeDriver
remote stacktrace: Backtrace:
Ordinal0 [0x012CEB13+1501971]
Ordinal0 [0x0124F6D1+980689]
Ordinal0 [0x011D765F+489055]
Ordinal0 [0x0116F2F4+62196]
Ordinal0 [0x0116BCDA+48346]
Ordinal0 [0x01189800+169984]
Ordinal0 [0x0118942D+169005]
Ordinal0 [0x011878EB+162027]
Ordinal0 [0x01170AC7+68295]
Ordinal0 [0x01171B40+72512]
Ordinal0 [0x01171AD9+72409]
Ordinal0 [0x01268F37+1085239]
GetHandleVerifier [0x0136D7ED+503293]
GetHandleVerifier [0x0136D580+502672]
GetHandleVerifier [0x013746AC+531644]
GetHandleVerifier [0x0136DFFA+505354]
Ordinal0 [0x01260606+1050118]
Ordinal0 [0x0126047F+1049727]
Ordinal0 [0x0126AF9B+1093531]
Ordinal0 [0x0126B103+1093891]
Ordinal0 [0x0126A095+1089685]
BaseThreadInitThunk [0x77678494+36]
RtlAreBitsSet [0x77CF41C8+136]
RtlAreBitsSet [0x77CF4198+88]
]]>
            </message>
            <full-stacktrace>
              <![CDATA[org.openqa.selenium.SessionNotCreatedException: session not created: This version of ChromeDriver only supports Chrome version 77
Build info: version: '3.141.59', revision: 'e82be7d358', time: '2018-11-14T08:17:03'
System info: host: 'MIRIAN-PC', ip: '192.168.1.43', os.name: 'Windows 10', os.arch: 'amd64', os.version: '10.0', java.version: '1.8.0_191'
Driver info: driver.version: ChromeDriver
remote stacktrace: Backtrace:
Ordinal0 [0x012CEB13+1501971]
Ordinal0 [0x0124F6D1+980689]
Ordinal0 [0x011D765F+489055]
Ordinal0 [0x0116F2F4+62196]
Ordinal0 [0x0116BCDA+48346]
Ordinal0 [0x01189800+169984]
Ordinal0 [0x0118942D+169005]
Ordinal0 [0x011878EB+162027]
Ordinal0 [0x01170AC7+68295]
Ordinal0 [0x01171B40+72512]
Ordinal0 [0x01171AD9+72409]
Ordinal0 [0x01268F37+1085239]
GetHandleVerifier [0x0136D7ED+503293]
GetHandleVerifier [0x0136D580+502672]
GetHandleVerifier [0x013746AC+531644]
GetHandleVerifier [0x0136DFFA+505354]
Ordinal0 [0x01260606+1050118]
Ordinal0 [0x0126047F+1049727]
Ordinal0 [0x0126AF9B+1093531]
Ordinal0 [0x0126B103+1093891]
Ordinal0 [0x0126A095+1089685]
BaseThreadInitThunk [0x77678494+36]
RtlAreBitsSet [0x77CF41C8+136]
RtlAreBitsSet [0x77CF4198+88]

at sun.reflect.NativeConstructorAccessorImpl.newInstance0(Native Method)
at sun.reflect.NativeConstructorAccessorImpl.newInstance(Unknown Source)
at sun.reflect.DelegatingConstructorAccessorImpl.newInstance(Unknown Source)
at java.lang.reflect.Constructor.newInstance(Unknown Source)
at org.openqa.selenium.remote.W3CHandshakeResponse.lambda$errorHandler$0(W3CHandshakeResponse.java:62)
at org.openqa.selenium.remote.HandshakeResponse.lambda$getResponseFunction$0(HandshakeResponse.java:30)
at org.openqa.selenium.remote.ProtocolHandshake.lambda$createSession$0(ProtocolHandshake.java:126)
at java.util.stream.ReferencePipeline$3$1.accept(Unknown Source)
at java.util.Spliterators$ArraySpliterator.tryAdvance(Unknown Source)
at java.util.stream.ReferencePipeline.forEachWithCancel(Unknown Source)
at java.util.stream.AbstractPipeline.copyIntoWithCancel(Unknown Source)
at java.util.stream.AbstractPipeline.copyInto(Unknown Source)
at java.util.stream.AbstractPipeline.wrapAndCopyInto(Unknown Source)
at java.util.stream.FindOps$FindOp.evaluateSequential(Unknown Source)
at java.util.stream.AbstractPipeline.evaluate(Unknown Source)
at java.util.stream.ReferencePipeline.findFirst(Unknown Source)
at org.openqa.selenium.remote.ProtocolHandshake.createSession(ProtocolHandshake.java:128)
at org.openqa.selenium.remote.ProtocolHandshake.createSession(ProtocolHandshake.java:74)
at org.openqa.selenium.remote.HttpCommandExecutor.execute(HttpCommandExecutor.java:136)
at org.openqa.selenium.remote.service.DriverCommandExecutor.execute(DriverCommandExecutor.java:83)
at org.openqa.selenium.remote.RemoteWebDriver.execute(RemoteWebDriver.java:552)
at org.openqa.selenium.remote.RemoteWebDriver.startSession(RemoteWebDriver.java:213)
at org.openqa.selenium.remote.RemoteWebDriver.<init>(RemoteWebDriver.java:131)
at org.openqa.selenium.chrome.ChromeDriver.<init>(ChromeDriver.java:181)
at org.openqa.selenium.chrome.ChromeDriver.<init>(ChromeDriver.java:168)
at org.openqa.selenium.chrome.ChromeDriver.<init>(ChromeDriver.java:157)
at automatizacion.test.BaseTest.classLevelSetup(BaseTest.java:29)
at sun.reflect.NativeMethodAccessorImpl.invoke0(Native Method)
at sun.reflect.NativeMethodAccessorImpl.invoke(Unknown Source)
at sun.reflect.DelegatingMethodAccessorImpl.invoke(Unknown Source)
at java.lang.reflect.Method.invoke(Unknown Source)
at org.testng.internal.MethodInvocationHelper.invokeMethod(MethodInvocationHelper.java:124)
at org.testng.internal.MethodInvocationHelper.invokeMethodConsideringTimeout(MethodInvocationHelper.java:59)
at org.testng.internal.Invoker.invokeConfigurationMethod(Invoker.java:458)
at org.testng.internal.Invoker.invokeConfigurations(Invoker.java:222)
at org.testng.internal.Invoker.invokeConfigurations(Invoker.java:142)
at org.testng.internal.TestMethodWorker.invokeBeforeClassMethods(TestMethodWorker.java:168)
at org.testng.internal.TestMethodWorker.run(TestMethodWorker.java:105)
at org.testng.TestRunner.privateRun(TestRunner.java:648)
at org.testng.TestRunner.run(TestRunner.java:505)
at org.testng.SuiteRunner.runTest(SuiteRunner.java:455)
at org.testng.SuiteRunner.runSequentially(SuiteRunner.java:450)
at org.testng.SuiteRunner.privateRun(SuiteRunner.java:415)
at org.testng.SuiteRunner.run(SuiteRunner.java:364)
at org.testng.SuiteRunnerWorker.runSuite(SuiteRunnerWorker.java:52)
at org.testng.SuiteRunnerWorker.run(SuiteRunnerWorker.java:84)
at org.testng.TestNG.runSuitesSequentially(TestNG.java:1208)
at org.testng.TestNG.runSuitesLocally(TestNG.java:1137)
at org.testng.TestNG.runSuites(TestNG.java:1049)
at org.testng.TestNG.run(TestNG.java:1017)
at org.testng.remote.AbstractRemoteTestNG.run(AbstractRemoteTestNG.java:114)
at org.testng.remote.RemoteTestNG.initAndRun(RemoteTestNG.java:251)
at org.testng.remote.RemoteTestNG.main(RemoteTestNG.java:77)
]]>
            </full-stacktrace>
          </exception> <!-- org.openqa.selenium.SessionNotCreatedException -->
          <reporter-output>
          </reporter-output>
        </test-method> <!-- classLevelSetup -->
        <test-method status="SKIP" signature="methodLevelSetup()[pri:0, instance:automatizacion.greenpower.test.LoginTests@59fa1d9b]" name="methodLevelSetup" is-config="true" duration-ms="0" started-at="2019-09-07T23:38:33Z" finished-at="2019-09-07T23:38:33Z">
          <reporter-output>
          </reporter-output>
        </test-method> <!-- methodLevelSetup -->
        <test-method status="SKIP" signature="invalidLoginTest_InvalidUserNameInvalidPassword()[pri:0, instance:automatizacion.greenpower.test.LoginTests@59fa1d9b]" name="invalidLoginTest_InvalidUserNameInvalidPassword" duration-ms="0" started-at="2019-09-07T23:38:33Z" finished-at="2019-09-07T23:38:33Z">
          <exception class="org.openqa.selenium.SessionNotCreatedException">
            <message>
              <![CDATA[session not created: This version of ChromeDriver only supports Chrome version 77
Build info: version: '3.141.59', revision: 'e82be7d358', time: '2018-11-14T08:17:03'
System info: host: 'MIRIAN-PC', ip: '192.168.1.43', os.name: 'Windows 10', os.arch: 'amd64', os.version: '10.0', java.version: '1.8.0_191'
Driver info: driver.version: ChromeDriver
remote stacktrace: Backtrace:
Ordinal0 [0x012CEB13+1501971]
Ordinal0 [0x0124F6D1+980689]
Ordinal0 [0x011D765F+489055]
Ordinal0 [0x0116F2F4+62196]
Ordinal0 [0x0116BCDA+48346]
Ordinal0 [0x01189800+169984]
Ordinal0 [0x0118942D+169005]
Ordinal0 [0x011878EB+162027]
Ordinal0 [0x01170AC7+68295]
Ordinal0 [0x01171B40+72512]
Ordinal0 [0x01171AD9+72409]
Ordinal0 [0x01268F37+1085239]
GetHandleVerifier [0x0136D7ED+503293]
GetHandleVerifier [0x0136D580+502672]
GetHandleVerifier [0x013746AC+531644]
GetHandleVerifier [0x0136DFFA+505354]
Ordinal0 [0x01260606+1050118]
Ordinal0 [0x0126047F+1049727]
Ordinal0 [0x0126AF9B+1093531]
Ordinal0 [0x0126B103+1093891]
Ordinal0 [0x0126A095+1089685]
BaseThreadInitThunk [0x77678494+36]
RtlAreBitsSet [0x77CF41C8+136]
RtlAreBitsSet [0x77CF4198+88]
]]>
            </message>
            <full-stacktrace>
              <![CDATA[org.openqa.selenium.SessionNotCreatedException: session not created: This version of ChromeDriver only supports Chrome version 77
Build info: version: '3.141.59', revision: 'e82be7d358', time: '2018-11-14T08:17:03'
System info: host: 'MIRIAN-PC', ip: '192.168.1.43', os.name: 'Windows 10', os.arch: 'amd64', os.version: '10.0', java.version: '1.8.0_191'
Driver info: driver.version: ChromeDriver
remote stacktrace: Backtrace:
Ordinal0 [0x012CEB13+1501971]
Ordinal0 [0x0124F6D1+980689]
Ordinal0 [0x011D765F+489055]
Ordinal0 [0x0116F2F4+62196]
Ordinal0 [0x0116BCDA+48346]
Ordinal0 [0x01189800+169984]
Ordinal0 [0x0118942D+169005]
Ordinal0 [0x011878EB+162027]
Ordinal0 [0x01170AC7+68295]
Ordinal0 [0x01171B40+72512]
Ordinal0 [0x01171AD9+72409]
Ordinal0 [0x01268F37+1085239]
GetHandleVerifier [0x0136D7ED+503293]
GetHandleVerifier [0x0136D580+502672]
GetHandleVerifier [0x013746AC+531644]
GetHandleVerifier [0x0136DFFA+505354]
Ordinal0 [0x01260606+1050118]
Ordinal0 [0x0126047F+1049727]
Ordinal0 [0x0126AF9B+1093531]
Ordinal0 [0x0126B103+1093891]
Ordinal0 [0x0126A095+1089685]
BaseThreadInitThunk [0x77678494+36]
RtlAreBitsSet [0x77CF41C8+136]
RtlAreBitsSet [0x77CF4198+88]

at sun.reflect.NativeConstructorAccessorImpl.newInstance0(Native Method)
at sun.reflect.NativeConstructorAccessorImpl.newInstance(Unknown Source)
at sun.reflect.DelegatingConstructorAccessorImpl.newInstance(Unknown Source)
at java.lang.reflect.Constructor.newInstance(Unknown Source)
at org.openqa.selenium.remote.W3CHandshakeResponse.lambda$errorHandler$0(W3CHandshakeResponse.java:62)
at org.openqa.selenium.remote.HandshakeResponse.lambda$getResponseFunction$0(HandshakeResponse.java:30)
at org.openqa.selenium.remote.ProtocolHandshake.lambda$createSession$0(ProtocolHandshake.java:126)
at java.util.stream.ReferencePipeline$3$1.accept(Unknown Source)
at java.util.Spliterators$ArraySpliterator.tryAdvance(Unknown Source)
at java.util.stream.ReferencePipeline.forEachWithCancel(Unknown Source)
at java.util.stream.AbstractPipeline.copyIntoWithCancel(Unknown Source)
at java.util.stream.AbstractPipeline.copyInto(Unknown Source)
at java.util.stream.AbstractPipeline.wrapAndCopyInto(Unknown Source)
at java.util.stream.FindOps$FindOp.evaluateSequential(Unknown Source)
at java.util.stream.AbstractPipeline.evaluate(Unknown Source)
at java.util.stream.ReferencePipeline.findFirst(Unknown Source)
at org.openqa.selenium.remote.ProtocolHandshake.createSession(ProtocolHandshake.java:128)
at org.openqa.selenium.remote.ProtocolHandshake.createSession(ProtocolHandshake.java:74)
at org.openqa.selenium.remote.HttpCommandExecutor.execute(HttpCommandExecutor.java:136)
at org.openqa.selenium.remote.service.DriverCommandExecutor.execute(DriverCommandExecutor.java:83)
at org.openqa.selenium.remote.RemoteWebDriver.execute(RemoteWebDriver.java:552)
at org.openqa.selenium.remote.RemoteWebDriver.startSession(RemoteWebDriver.java:213)
at org.openqa.selenium.remote.RemoteWebDriver.<init>(RemoteWebDriver.java:131)
at org.openqa.selenium.chrome.ChromeDriver.<init>(ChromeDriver.java:181)
at org.openqa.selenium.chrome.ChromeDriver.<init>(ChromeDriver.java:168)
at org.openqa.selenium.chrome.ChromeDriver.<init>(ChromeDriver.java:157)
at automatizacion.test.BaseTest.classLevelSetup(BaseTest.java:29)
at sun.reflect.NativeMethodAccessorImpl.invoke0(Native Method)
at sun.reflect.NativeMethodAccessorImpl.invoke(Unknown Source)
at sun.reflect.DelegatingMethodAccessorImpl.invoke(Unknown Source)
at java.lang.reflect.Method.invoke(Unknown Source)
at org.testng.internal.MethodInvocationHelper.invokeMethod(MethodInvocationHelper.java:124)
at org.testng.internal.MethodInvocationHelper.invokeMethodConsideringTimeout(MethodInvocationHelper.java:59)
at org.testng.internal.Invoker.invokeConfigurationMethod(Invoker.java:458)
at org.testng.internal.Invoker.invokeConfigurations(Invoker.java:222)
at org.testng.internal.Invoker.invokeConfigurations(Invoker.java:142)
at org.testng.internal.TestMethodWorker.invokeBeforeClassMethods(TestMethodWorker.java:168)
at org.testng.internal.TestMethodWorker.run(TestMethodWorker.java:105)
at org.testng.TestRunner.privateRun(TestRunner.java:648)
at org.testng.TestRunner.run(TestRunner.java:505)
at org.testng.SuiteRunner.runTest(SuiteRunner.java:455)
at org.testng.SuiteRunner.runSequentially(SuiteRunner.java:450)
at org.testng.SuiteRunner.privateRun(SuiteRunner.java:415)
at org.testng.SuiteRunner.run(SuiteRunner.java:364)
at org.testng.SuiteRunnerWorker.runSuite(SuiteRunnerWorker.java:52)
at org.testng.SuiteRunnerWorker.run(SuiteRunnerWorker.java:84)
at org.testng.TestNG.runSuitesSequentially(TestNG.java:1208)
at org.testng.TestNG.runSuitesLocally(TestNG.java:1137)
at org.testng.TestNG.runSuites(TestNG.java:1049)
at org.testng.TestNG.run(TestNG.java:1017)
at org.testng.remote.AbstractRemoteTestNG.run(AbstractRemoteTestNG.java:114)
at org.testng.remote.RemoteTestNG.initAndRun(RemoteTestNG.java:251)
at org.testng.remote.RemoteTestNG.main(RemoteTestNG.java:77)
]]>
            </full-stacktrace>
          </exception> <!-- org.openqa.selenium.SessionNotCreatedException -->
          <reporter-output>
          </reporter-output>
        </test-method> <!-- invalidLoginTest_InvalidUserNameInvalidPassword -->
        <test-method status="SKIP" signature="methodLevelSetup()[pri:0, instance:automatizacion.greenpower.test.LoginTests@59fa1d9b]" name="methodLevelSetup" is-config="true" duration-ms="0" started-at="2019-09-07T23:38:33Z" finished-at="2019-09-07T23:38:33Z">
          <reporter-output>
          </reporter-output>
        </test-method> <!-- methodLevelSetup -->
        <test-method status="SKIP" signature="invalidLoginTest_EmptyUserEmptyPassword()[pri:1, instance:automatizacion.greenpower.test.LoginTests@59fa1d9b]" name="invalidLoginTest_EmptyUserEmptyPassword" duration-ms="0" started-at="2019-09-07T23:38:33Z" finished-at="2019-09-07T23:38:33Z">
          <exception class="org.openqa.selenium.SessionNotCreatedException">
            <message>
              <![CDATA[session not created: This version of ChromeDriver only supports Chrome version 77
Build info: version: '3.141.59', revision: 'e82be7d358', time: '2018-11-14T08:17:03'
System info: host: 'MIRIAN-PC', ip: '192.168.1.43', os.name: 'Windows 10', os.arch: 'amd64', os.version: '10.0', java.version: '1.8.0_191'
Driver info: driver.version: ChromeDriver
remote stacktrace: Backtrace:
Ordinal0 [0x012CEB13+1501971]
Ordinal0 [0x0124F6D1+980689]
Ordinal0 [0x011D765F+489055]
Ordinal0 [0x0116F2F4+62196]
Ordinal0 [0x0116BCDA+48346]
Ordinal0 [0x01189800+169984]
Ordinal0 [0x0118942D+169005]
Ordinal0 [0x011878EB+162027]
Ordinal0 [0x01170AC7+68295]
Ordinal0 [0x01171B40+72512]
Ordinal0 [0x01171AD9+72409]
Ordinal0 [0x01268F37+1085239]
GetHandleVerifier [0x0136D7ED+503293]
GetHandleVerifier [0x0136D580+502672]
GetHandleVerifier [0x013746AC+531644]
GetHandleVerifier [0x0136DFFA+505354]
Ordinal0 [0x01260606+1050118]
Ordinal0 [0x0126047F+1049727]
Ordinal0 [0x0126AF9B+1093531]
Ordinal0 [0x0126B103+1093891]
Ordinal0 [0x0126A095+1089685]
BaseThreadInitThunk [0x77678494+36]
RtlAreBitsSet [0x77CF41C8+136]
RtlAreBitsSet [0x77CF4198+88]
]]>
            </message>
            <full-stacktrace>
              <![CDATA[org.openqa.selenium.SessionNotCreatedException: session not created: This version of ChromeDriver only supports Chrome version 77
Build info: version: '3.141.59', revision: 'e82be7d358', time: '2018-11-14T08:17:03'
System info: host: 'MIRIAN-PC', ip: '192.168.1.43', os.name: 'Windows 10', os.arch: 'amd64', os.version: '10.0', java.version: '1.8.0_191'
Driver info: driver.version: ChromeDriver
remote stacktrace: Backtrace:
Ordinal0 [0x012CEB13+1501971]
Ordinal0 [0x0124F6D1+980689]
Ordinal0 [0x011D765F+489055]
Ordinal0 [0x0116F2F4+62196]
Ordinal0 [0x0116BCDA+48346]
Ordinal0 [0x01189800+169984]
Ordinal0 [0x0118942D+169005]
Ordinal0 [0x011878EB+162027]
Ordinal0 [0x01170AC7+68295]
Ordinal0 [0x01171B40+72512]
Ordinal0 [0x01171AD9+72409]
Ordinal0 [0x01268F37+1085239]
GetHandleVerifier [0x0136D7ED+503293]
GetHandleVerifier [0x0136D580+502672]
GetHandleVerifier [0x013746AC+531644]
GetHandleVerifier [0x0136DFFA+505354]
Ordinal0 [0x01260606+1050118]
Ordinal0 [0x0126047F+1049727]
Ordinal0 [0x0126AF9B+1093531]
Ordinal0 [0x0126B103+1093891]
Ordinal0 [0x0126A095+1089685]
BaseThreadInitThunk [0x77678494+36]
RtlAreBitsSet [0x77CF41C8+136]
RtlAreBitsSet [0x77CF4198+88]

at sun.reflect.NativeConstructorAccessorImpl.newInstance0(Native Method)
at sun.reflect.NativeConstructorAccessorImpl.newInstance(Unknown Source)
at sun.reflect.DelegatingConstructorAccessorImpl.newInstance(Unknown Source)
at java.lang.reflect.Constructor.newInstance(Unknown Source)
at org.openqa.selenium.remote.W3CHandshakeResponse.lambda$errorHandler$0(W3CHandshakeResponse.java:62)
at org.openqa.selenium.remote.HandshakeResponse.lambda$getResponseFunction$0(HandshakeResponse.java:30)
at org.openqa.selenium.remote.ProtocolHandshake.lambda$createSession$0(ProtocolHandshake.java:126)
at java.util.stream.ReferencePipeline$3$1.accept(Unknown Source)
at java.util.Spliterators$ArraySpliterator.tryAdvance(Unknown Source)
at java.util.stream.ReferencePipeline.forEachWithCancel(Unknown Source)
at java.util.stream.AbstractPipeline.copyIntoWithCancel(Unknown Source)
at java.util.stream.AbstractPipeline.copyInto(Unknown Source)
at java.util.stream.AbstractPipeline.wrapAndCopyInto(Unknown Source)
at java.util.stream.FindOps$FindOp.evaluateSequential(Unknown Source)
at java.util.stream.AbstractPipeline.evaluate(Unknown Source)
at java.util.stream.ReferencePipeline.findFirst(Unknown Source)
at org.openqa.selenium.remote.ProtocolHandshake.createSession(ProtocolHandshake.java:128)
at org.openqa.selenium.remote.ProtocolHandshake.createSession(ProtocolHandshake.java:74)
at org.openqa.selenium.remote.HttpCommandExecutor.execute(HttpCommandExecutor.java:136)
at org.openqa.selenium.remote.service.DriverCommandExecutor.execute(DriverCommandExecutor.java:83)
at org.openqa.selenium.remote.RemoteWebDriver.execute(RemoteWebDriver.java:552)
at org.openqa.selenium.remote.RemoteWebDriver.startSession(RemoteWebDriver.java:213)
at org.openqa.selenium.remote.RemoteWebDriver.<init>(RemoteWebDriver.java:131)
at org.openqa.selenium.chrome.ChromeDriver.<init>(ChromeDriver.java:181)
at org.openqa.selenium.chrome.ChromeDriver.<init>(ChromeDriver.java:168)
at org.openqa.selenium.chrome.ChromeDriver.<init>(ChromeDriver.java:157)
at automatizacion.test.BaseTest.classLevelSetup(BaseTest.java:29)
at sun.reflect.NativeMethodAccessorImpl.invoke0(Native Method)
at sun.reflect.NativeMethodAccessorImpl.invoke(Unknown Source)
at sun.reflect.DelegatingMethodAccessorImpl.invoke(Unknown Source)
at java.lang.reflect.Method.invoke(Unknown Source)
at org.testng.internal.MethodInvocationHelper.invokeMethod(MethodInvocationHelper.java:124)
at org.testng.internal.MethodInvocationHelper.invokeMethodConsideringTimeout(MethodInvocationHelper.java:59)
at org.testng.internal.Invoker.invokeConfigurationMethod(Invoker.java:458)
at org.testng.internal.Invoker.invokeConfigurations(Invoker.java:222)
at org.testng.internal.Invoker.invokeConfigurations(Invoker.java:142)
at org.testng.internal.TestMethodWorker.invokeBeforeClassMethods(TestMethodWorker.java:168)
at org.testng.internal.TestMethodWorker.run(TestMethodWorker.java:105)
at org.testng.TestRunner.privateRun(TestRunner.java:648)
at org.testng.TestRunner.run(TestRunner.java:505)
at org.testng.SuiteRunner.runTest(SuiteRunner.java:455)
at org.testng.SuiteRunner.runSequentially(SuiteRunner.java:450)
at org.testng.SuiteRunner.privateRun(SuiteRunner.java:415)
at org.testng.SuiteRunner.run(SuiteRunner.java:364)
at org.testng.SuiteRunnerWorker.runSuite(SuiteRunnerWorker.java:52)
at org.testng.SuiteRunnerWorker.run(SuiteRunnerWorker.java:84)
at org.testng.TestNG.runSuitesSequentially(TestNG.java:1208)
at org.testng.TestNG.runSuitesLocally(TestNG.java:1137)
at org.testng.TestNG.runSuites(TestNG.java:1049)
at org.testng.TestNG.run(TestNG.java:1017)
at org.testng.remote.AbstractRemoteTestNG.run(AbstractRemoteTestNG.java:114)
at org.testng.remote.RemoteTestNG.initAndRun(RemoteTestNG.java:251)
at org.testng.remote.RemoteTestNG.main(RemoteTestNG.java:77)
]]>
            </full-stacktrace>
          </exception> <!-- org.openqa.selenium.SessionNotCreatedException -->
          <reporter-output>
          </reporter-output>
        </test-method> <!-- invalidLoginTest_EmptyUserEmptyPassword -->
        <test-method status="SKIP" signature="teardown()[pri:0, instance:automatizacion.greenpower.test.LoginTests@59fa1d9b]" name="teardown" is-config="true" duration-ms="0" started-at="2019-09-07T23:38:34Z" finished-at="2019-09-07T23:38:34Z">
          <reporter-output>
          </reporter-output>
        </test-method> <!-- teardown -->
      </class> <!-- automatizacion.greenpower.test.LoginTests -->
    </test> <!-- Default test -->
  </suite> <!-- Default suite -->
</testng-results>
